Started GET "/" for 127.0.0.1 at 2017-10-23 14:44:42 -0400
Processing by Rails::WelcomeController#index as HTML
  Rendering /Users/robertpeck/.rvm/gems/ruby-2.3.5/gems/railties-5.1.4/lib/rails/templates/rails/welcome/index.html.erb
  Rendered /Users/robertpeck/.rvm/gems/ruby-2.3.5/gems/railties-5.1.4/lib/rails/templates/rails/welcome/index.html.erb (5.2ms)
Completed 200 OK in 159ms (Views: 13.5ms)


  [1m[35m (5.1ms)[0m  [1m[35mCREATE TABLE "schema_migrations" ("version" character varying NOT NULL PRIMARY KEY)[0m
  [1m[35m (3.2ms)[0m  [1m[35mCREATE TABLE "ar_internal_metadata" ("key" character varying NOT NULL PRIMARY KEY, "value" character varying, "created_at" timestamp NOT NULL, "updated_at" timestamp NOT NULL)[0m
  [1m[35m (0.3ms)[0m  [1m[34mSELECT pg_try_advisory_lock(6307859188970604930)[0m
  [1m[35m (0.6ms)[0m  [1m[34mSELECT "schema_migrations"."version" FROM "schema_migrations" ORDER BY "schema_migrations"."version" ASC[0m
Migrating to CreateUsers (20171023184701)
  [1m[35m (0.2ms)[0m  [1m[35mBEGIN[0m
  [1m[35m (4.2ms)[0m  [1m[35mCREATE TABLE "users" ("id" bigserial primary key, "name" character varying, "quote" character varying, "password" character varying, "created_at" timestamp NOT NULL, "updated_at" timestamp NOT NULL)[0m
  [1m[35mSQL (0.4ms)[0m  [1m[32mINSERT INTO "schema_migrations" ("version") VALUES ($1) RETURNING "version"[0m  [["version", "20171023184701"]]
  [1m[35m (0.4ms)[0m  [1m[35mCOMMIT[0m
Migrating to CreateActivities (20171023184810)
  [1m[35m (0.2ms)[0m  [1m[35mBEGIN[0m
  [1m[35m (3.4ms)[0m  [1m[35mCREATE TABLE "activities" ("id" bigserial primary key, "name" character varying, "description" character varying, "category" character varying, "points" integer, "created_at" timestamp NOT NULL, "updated_at" timestamp NOT NULL)[0m
  [1m[35mSQL (0.4ms)[0m  [1m[32mINSERT INTO "schema_migrations" ("version") VALUES ($1) RETURNING "version"[0m  [["version", "20171023184810"]]
  [1m[35m (0.4ms)[0m  [1m[35mCOMMIT[0m
Migrating to CreateAchievements (20171023184853)
  [1m[35m (0.2ms)[0m  [1m[35mBEGIN[0m
  [1m[35m (3.3ms)[0m  [1m[35mCREATE TABLE "achievements" ("id" bigserial primary key, "name" character varying, "description" character varying, "img_reference" character varying, "created_at" timestamp NOT NULL, "updated_at" timestamp NOT NULL)[0m
  [1m[35mSQL (0.4ms)[0m  [1m[32mINSERT INTO "schema_migrations" ("version") VALUES ($1) RETURNING "version"[0m  [["version", "20171023184853"]]
  [1m[35m (0.4ms)[0m  [1m[35mCOMMIT[0m
Migrating to UserActivities (20171023185007)
  [1m[35m (0.3ms)[0m  [1m[34mSELECT pg_advisory_unlock(6307859188970604930)[0m
  [1m[35m (0.2ms)[0m  [1m[34mSELECT pg_try_advisory_lock(6307859188970604930)[0m
  [1m[35m (0.8ms)[0m  [1m[34mSELECT "schema_migrations"."version" FROM "schema_migrations" ORDER BY "schema_migrations"."version" ASC[0m
Migrating to UserActivities (20171023185007)
  [1m[35m (0.1ms)[0m  [1m[35mBEGIN[0m
  [1m[35m (9.0ms)[0m  [1m[35mCREATE TABLE "user_activities" ("id" bigserial primary key, "user_id" integer, "activity_id" integer, "created_at" timestamp NOT NULL, "updated_at" timestamp NOT NULL)[0m
  [1m[35mSQL (0.5ms)[0m  [1m[32mINSERT INTO "schema_migrations" ("version") VALUES ($1) RETURNING "version"[0m  [["version", "20171023185007"]]
  [1m[35m (0.5ms)[0m  [1m[35mCOMMIT[0m
Migrating to ActivityAchievements (20171023185044)
  [1m[35m (0.2ms)[0m  [1m[35mBEGIN[0m
  [1m[35m (3.0ms)[0m  [1m[35mCREATE TABLE "activity_achievements" ("id" bigserial primary key, "activity_id" integer, "achievement_id" integer, "created_at" timestamp NOT NULL, "updated_at" timestamp NOT NULL)[0m
  [1m[35mSQL (0.3ms)[0m  [1m[32mINSERT INTO "schema_migrations" ("version") VALUES ($1) RETURNING "version"[0m  [["version", "20171023185044"]]
  [1m[35m (0.5ms)[0m  [1m[35mCOMMIT[0m
  [1m[36mActiveRecord::InternalMetadata Load (0.4ms)[0m  [1m[34mSELECT  "ar_internal_metadata".* FROM "ar_internal_metadata" WHERE "ar_internal_metadata"."key" = $1 LIMIT $2[0m  [["key", "environment"], ["LIMIT", 1]]
  [1m[35m (0.2ms)[0m  [1m[35mBEGIN[0m
  [1m[35mSQL (0.9ms)[0m  [1m[32mINSERT INTO "ar_internal_metadata" ("key", "value", "created_at", "updated_at") VALUES ($1, $2, $3, $4) RETURNING "key"[0m  [["key", "environment"], ["value", "development"], ["created_at", "2017-10-23 18:54:38.800719"], ["updated_at", "2017-10-23 18:54:38.800719"]]
  [1m[35m (0.4ms)[0m  [1m[35mCOMMIT[0m
  [1m[35m (0.2ms)[0m  [1m[34mSELECT pg_advisory_unlock(6307859188970604930)[0m
  [1m[35m (0.7ms)[0m  [1m[34mSELECT "schema_migrations"."version" FROM "schema_migrations" ORDER BY "schema_migrations"."version" ASC[0m
  [1m[35m (0.3ms)[0m  [1m[35mBEGIN[0m
  [1m[35mSQL (0.9ms)[0m  [1m[32mINSERT INTO "users" ("name", "quote", "created_at", "updated_at") VALUES ($1, $2, $3, $4) RETURNING "id"[0m  [["name", "Diego"], ["quote", "money"], ["created_at", "2017-10-23 19:02:06.213420"], ["updated_at", "2017-10-23 19:02:06.213420"]]
  [1m[35m (5.7ms)[0m  [1m[35mCOMMIT[0m
  [1m[35m (0.2ms)[0m  [1m[35mBEGIN[0m
  [1m[35mSQL (0.8ms)[0m  [1m[32mINSERT INTO "activities" ("name", "description", "category", "points", "created_at", "updated_at") VALUES ($1, $2, $3, $4, $5, $6) RETURNING "id"[0m  [["name", "5k"], ["description", "hell"], ["category", "Running"], ["points", 10], ["created_at", "2017-10-23 19:03:02.645907"], ["updated_at", "2017-10-23 19:03:02.645907"]]
  [1m[35m (5.4ms)[0m  [1m[35mCOMMIT[0m
  [1m[35m (0.3ms)[0m  [1m[35mBEGIN[0m
  [1m[35mSQL (0.6ms)[0m  [1m[32mINSERT INTO "achievements" ("name", "description", "created_at", "updated_at") VALUES ($1, $2, $3, $4) RETURNING "id"[0m  [["name", "5k"], ["description", "5k"], ["created_at", "2017-10-23 19:03:35.092104"], ["updated_at", "2017-10-23 19:03:35.092104"]]
  [1m[35m (5.4ms)[0m  [1m[35mCOMMIT[0m
  [1m[35m (0.1ms)[0m  [1m[35mBEGIN[0m
  [1m[35m (0.3ms)[0m  [1m[31mROLLBACK[0m
  [1m[36mUser Load (0.6ms)[0m  [1m[34mSELECT "users".* FROM "users"[0m
  [1m[35m (0.2ms)[0m  [1m[35mBEGIN[0m
  [1m[35mSQL (0.6ms)[0m  [1m[31mDELETE FROM "users" WHERE "users"."id" = $1[0m  [["id", 1]]
  [1m[35m (0.5ms)[0m  [1m[35mCOMMIT[0m
  [1m[36mActivity Load (0.7ms)[0m  [1m[34mSELECT "activities".* FROM "activities"[0m
  [1m[35m (0.2ms)[0m  [1m[35mBEGIN[0m
  [1m[35mSQL (0.4ms)[0m  [1m[31mDELETE FROM "activities" WHERE "activities"."id" = $1[0m  [["id", 1]]
  [1m[35m (5.5ms)[0m  [1m[35mCOMMIT[0m
  [1m[36mAchievement Load (0.7ms)[0m  [1m[34mSELECT "achievements".* FROM "achievements"[0m
  [1m[35m (0.2ms)[0m  [1m[35mBEGIN[0m
  [1m[35mSQL (0.4ms)[0m  [1m[31mDELETE FROM "achievements" WHERE "achievements"."id" = $1[0m  [["id", 1]]
  [1m[35m (5.5ms)[0m  [1m[35mCOMMIT[0m
  [1m[35m (0.2ms)[0m  [1m[35mBEGIN[0m
  [1m[35mSQL (0.6ms)[0m  [1m[32mINSERT INTO "users" ("name", "quote", "created_at", "updated_at") VALUES ($1, $2, $3, $4) RETURNING "id"[0m  [["name", "Diego"], ["quote", "money"], ["created_at", "2017-10-23 19:06:15.044346"], ["updated_at", "2017-10-23 19:06:15.044346"]]
  [1m[35m (5.5ms)[0m  [1m[35mCOMMIT[0m
  [1m[35m (0.2ms)[0m  [1m[35mBEGIN[0m
  [1m[35mSQL (0.6ms)[0m  [1m[32mINSERT INTO "activities" ("name", "description", "category", "points", "created_at", "updated_at") VALUES ($1, $2, $3, $4, $5, $6) RETURNING "id"[0m  [["name", "5k"], ["description", "hell"], ["category", "Running"], ["points", 10], ["created_at", "2017-10-23 19:06:22.082311"], ["updated_at", "2017-10-23 19:06:22.082311"]]
  [1m[35m (5.4ms)[0m  [1m[35mCOMMIT[0m
  [1m[35m (0.2ms)[0m  [1m[35mBEGIN[0m
  [1m[35mSQL (0.5ms)[0m  [1m[32mINSERT INTO "achievements" ("name", "description", "created_at", "updated_at") VALUES ($1, $2, $3, $4) RETURNING "id"[0m  [["name", "5k"], ["description", "5k"], ["created_at", "2017-10-23 19:06:27.725798"], ["updated_at", "2017-10-23 19:06:27.725798"]]
  [1m[35m (5.5ms)[0m  [1m[35mCOMMIT[0m
  [1m[36mUser Load (0.6ms)[0m  [1m[34mSELECT "users".* FROM "users"[0m
  [1m[35m (0.1ms)[0m  [1m[35mBEGIN[0m
  [1m[35mSQL (0.4ms)[0m  [1m[31mDELETE FROM "users" WHERE "users"."id" = $1[0m  [["id", 2]]
  [1m[35m (5.6ms)[0m  [1m[35mCOMMIT[0m
  [1m[36mActivity Load (0.8ms)[0m  [1m[34mSELECT "activities".* FROM "activities"[0m
  [1m[35m (0.2ms)[0m  [1m[35mBEGIN[0m
  [1m[35mSQL (0.5ms)[0m  [1m[31mDELETE FROM "activities" WHERE "activities"."id" = $1[0m  [["id", 2]]
  [1m[35m (5.4ms)[0m  [1m[35mCOMMIT[0m
  [1m[36mAchievement Load (0.7ms)[0m  [1m[34mSELECT "achievements".* FROM "achievements"[0m
  [1m[35m (0.2ms)[0m  [1m[35mBEGIN[0m
  [1m[35mSQL (0.5ms)[0m  [1m[31mDELETE FROM "achievements" WHERE "achievements"."id" = $1[0m  [["id", 2]]
  [1m[35m (5.4ms)[0m  [1m[35mCOMMIT[0m
  [1m[35m (0.2ms)[0m  [1m[35mBEGIN[0m
  [1m[35mSQL (0.6ms)[0m  [1m[32mINSERT INTO "users" ("name", "quote", "created_at", "updated_at") VALUES ($1, $2, $3, $4) RETURNING "id"[0m  [["name", "Diego"], ["quote", "money"], ["created_at", "2017-10-23 19:08:24.082398"], ["updated_at", "2017-10-23 19:08:24.082398"]]
  [1m[35m (5.4ms)[0m  [1m[35mCOMMIT[0m
  [1m[35m (0.2ms)[0m  [1m[35mBEGIN[0m
  [1m[35mSQL (0.6ms)[0m  [1m[32mINSERT INTO "activities" ("name", "description", "category", "points", "created_at", "updated_at") VALUES ($1, $2, $3, $4, $5, $6) RETURNING "id"[0m  [["name", "5k"], ["description", "hell"], ["category", "Running"], ["points", 10], ["created_at", "2017-10-23 19:08:27.095602"], ["updated_at", "2017-10-23 19:08:27.095602"]]
  [1m[35m (5.5ms)[0m  [1m[35mCOMMIT[0m
  [1m[35m (0.2ms)[0m  [1m[35mBEGIN[0m
  [1m[35mSQL (0.5ms)[0m  [1m[32mINSERT INTO "achievements" ("name", "description", "created_at", "updated_at") VALUES ($1, $2, $3, $4) RETURNING "id"[0m  [["name", "5k"], ["description", "5k"], ["created_at", "2017-10-23 19:08:30.407559"], ["updated_at", "2017-10-23 19:08:30.407559"]]
  [1m[35m (5.4ms)[0m  [1m[35mCOMMIT[0m
  [1m[36mActivity Load (0.7ms)[0m  [1m[34mSELECT  "activities".* FROM "activities" INNER JOIN "user_activities" ON "activities"."id" = "user_activities"."activity_id" WHERE "user_activities"."user_id" = $1 LIMIT $2[0m  [["user_id", 3], ["LIMIT", 11]]
  [1m[35m (0.2ms)[0m  [1m[35mBEGIN[0m
  [1m[35mSQL (0.7ms)[0m  [1m[32mINSERT INTO "user_activities" ("user_id", "activity_id", "created_at", "updated_at") VALUES ($1, $2, $3, $4) RETURNING "id"[0m  [["user_id", 3], ["activity_id", 3], ["created_at", "2017-10-23 19:08:54.318308"], ["updated_at", "2017-10-23 19:08:54.318308"]]
  [1m[35m (0.4ms)[0m  [1m[35mCOMMIT[0m
  [1m[36mActivity Load (0.4ms)[0m  [1m[34mSELECT  "activities".* FROM "activities" INNER JOIN "user_activities" ON "activities"."id" = "user_activities"."activity_id" WHERE "user_activities"."user_id" = $1 LIMIT $2[0m  [["user_id", 3], ["LIMIT", 11]]
  [1m[36mActivity Load (0.6ms)[0m  [1m[34mSELECT  "activities".* FROM "activities" INNER JOIN "user_activities" ON "activities"."id" = "user_activities"."activity_id" WHERE "user_activities"."user_id" = $1 LIMIT $2[0m  [["user_id", 3], ["LIMIT", 11]]
  [1m[36mAchievement Load (0.5ms)[0m  [1m[34mSELECT  "achievements".* FROM "achievements" INNER JOIN "activity_achievements" ON "achievements"."id" = "activity_achievements"."achievement_id" WHERE "activity_achievements"."activity_id" = $1 LIMIT $2[0m  [["activity_id", 3], ["LIMIT", 11]]
  [1m[35m (0.2ms)[0m  [1m[35mBEGIN[0m
  [1m[35mSQL (1.6ms)[0m  [1m[32mINSERT INTO "activity_achievements" ("activity_id", "achievement_id", "created_at", "updated_at") VALUES ($1, $2, $3, $4) RETURNING "id"[0m  [["activity_id", 3], ["achievement_id", 3], ["created_at", "2017-10-23 19:09:14.384178"], ["updated_at", "2017-10-23 19:09:14.384178"]]
  [1m[35m (5.8ms)[0m  [1m[35mCOMMIT[0m
  [1m[36mAchievement Load (0.7ms)[0m  [1m[34mSELECT  "achievements".* FROM "achievements" INNER JOIN "activity_achievements" ON "achievements"."id" = "activity_achievements"."achievement_id" WHERE "activity_achievements"."activity_id" = $1 LIMIT $2[0m  [["activity_id", 3], ["LIMIT", 11]]
  [1m[36mUser Load (0.4ms)[0m  [1m[34mSELECT  "users".* FROM "users" LIMIT $1[0m  [["LIMIT", 11]]
  [1m[36mUser Load (0.4ms)[0m  [1m[34mSELECT  "users".* FROM "users" ORDER BY "users"."id" ASC LIMIT $1[0m  [["LIMIT", 1]]
  [1m[36mAchievement Load (1.4ms)[0m  [1m[34mSELECT  "achievements".* FROM "achievements" INNER JOIN "activity_achievements" ON "achievements"."id" = "activity_achievements"."achievement_id" INNER JOIN "activities" ON "activity_achievements"."activity_id" = "activities"."id" INNER JOIN "user_activities" ON "activities"."id" = "user_activities"."activity_id" WHERE "user_activities"."user_id" = $1 LIMIT $2[0m  [["user_id", 3], ["LIMIT", 11]]
  [1m[36mAchievement Load (0.3ms)[0m  [1m[34mSELECT  "achievements".* FROM "achievements" LIMIT $1[0m  [["LIMIT", 11]]
  [1m[36mAchievement Load (0.4ms)[0m  [1m[34mSELECT  "achievements".* FROM "achievements" LIMIT $1[0m  [["LIMIT", 11]]
  [1m[36mAchievement Load (0.4ms)[0m  [1m[34mSELECT  "achievements".* FROM "achievements" ORDER BY "achievements"."id" ASC LIMIT $1[0m  [["LIMIT", 1]]
  [1m[36mUser Load (1.6ms)[0m  [1m[34mSELECT  "users".* FROM "users" INNER JOIN "user_activities" ON "users"."id" = "user_activities"."user_id" INNER JOIN "activities" ON "user_activities"."activity_id" = "activities"."id" INNER JOIN "activity_achievements" ON "activities"."id" = "activity_achievements"."activity_id" WHERE "activity_achievements"."achievement_id" = $1 LIMIT $2[0m  [["achievement_id", 3], ["LIMIT", 11]]
Started GET "/" for 127.0.0.1 at 2017-10-23 16:54:25 -0400
  
ActiveRecord::PendingMigrationError (

Migrations are pending. To resolve this issue, run:

        bin/rails db:migrate RAILS_ENV=development

):
  
activerecord (5.1.4) lib/active_record/migration.rb:576:in `check_pending!'
activerecord (5.1.4) lib/active_record/migration.rb:553:in `call'
actionpack (5.1.4) lib/action_dispatch/middleware/callbacks.rb:26:in `block in call'
activesupport (5.1.4) lib/active_support/callbacks.rb:97:in `run_callbacks'
actionpack (5.1.4) lib/action_dispatch/middleware/callbacks.rb:24:in `call'
actionpack (5.1.4) lib/action_dispatch/middleware/executor.rb:12:in `call'
actionpack (5.1.4) lib/action_dispatch/middleware/debug_exceptions.rb:59:in `call'
web-console (3.5.1) lib/web_console/middleware.rb:135:in `call_app'
web-console (3.5.1) lib/web_console/middleware.rb:28:in `block in call'
web-console (3.5.1) lib/web_console/middleware.rb:18:in `catch'
web-console (3.5.1) lib/web_console/middleware.rb:18:in `call'
actionpack (5.1.4) lib/action_dispatch/middleware/show_exceptions.rb:31:in `call'
railties (5.1.4) lib/rails/rack/logger.rb:36:in `call_app'
railties (5.1.4) lib/rails/rack/logger.rb:24:in `block in call'
activesupport (5.1.4) lib/active_support/tagged_logging.rb:69:in `block in tagged'
activesupport (5.1.4) lib/active_support/tagged_logging.rb:26:in `tagged'
activesupport (5.1.4) lib/active_support/tagged_logging.rb:69:in `tagged'
railties (5.1.4) lib/rails/rack/logger.rb:24:in `call'
sprockets-rails (3.2.1) lib/sprockets/rails/quiet_assets.rb:13:in `call'
actionpack (5.1.4) lib/action_dispatch/middleware/remote_ip.rb:79:in `call'
actionpack (5.1.4) lib/action_dispatch/middleware/request_id.rb:25:in `call'
rack (2.0.3) lib/rack/method_override.rb:22:in `call'
rack (2.0.3) lib/rack/runtime.rb:22:in `call'
activesupport (5.1.4) lib/active_support/cache/strategy/local_cache_middleware.rb:27:in `call'
actionpack (5.1.4) lib/action_dispatch/middleware/executor.rb:12:in `call'
actionpack (5.1.4) lib/action_dispatch/middleware/static.rb:125:in `call'
rack (2.0.3) lib/rack/sendfile.rb:111:in `call'
railties (5.1.4) lib/rails/engine.rb:522:in `call'
puma (3.10.0) lib/puma/configuration.rb:225:in `call'
puma (3.10.0) lib/puma/server.rb:605:in `handle_request'
puma (3.10.0) lib/puma/server.rb:437:in `process_client'
puma (3.10.0) lib/puma/server.rb:301:in `block in run'
puma (3.10.0) lib/puma/thread_pool.rb:120:in `block in spawn_thread'
  [1m[35m (422.7ms)[0m  [1m[35mCREATE TABLE "schema_migrations" ("version" character varying NOT NULL PRIMARY KEY)[0m
  [1m[35m (51.2ms)[0m  [1m[35mCREATE TABLE "ar_internal_metadata" ("key" character varying NOT NULL PRIMARY KEY, "value" character varying, "created_at" timestamp NOT NULL, "updated_at" timestamp NOT NULL)[0m
  [1m[35m (45.4ms)[0m  [1m[34mSELECT pg_try_advisory_lock(6307859188970604930)[0m
  [1m[35m (5.4ms)[0m  [1m[34mSELECT "schema_migrations"."version" FROM "schema_migrations" ORDER BY "schema_migrations"."version" ASC[0m
Migrating to CreateUsers (20171023184701)
  [1m[35m (19.9ms)[0m  [1m[35mBEGIN[0m
  [1m[35m (235.7ms)[0m  [1m[35mCREATE TABLE "users" ("id" bigserial primary key, "name" character varying, "quote" character varying, "password" character varying, "created_at" timestamp NOT NULL, "updated_at" timestamp NOT NULL)[0m
  [1m[35mSQL (69.4ms)[0m  [1m[32mINSERT INTO "schema_migrations" ("version") VALUES ($1) RETURNING "version"[0m  [["version", "20171023184701"]]
  [1m[35m (28.2ms)[0m  [1m[35mCOMMIT[0m
Migrating to CreateActivities (20171023184810)
  [1m[35m (0.4ms)[0m  [1m[35mBEGIN[0m
  [1m[35m (4.6ms)[0m  [1m[35mCREATE TABLE "activities" ("id" bigserial primary key, "name" character varying, "description" character varying, "category" character varying, "points" integer, "created_at" timestamp NOT NULL, "updated_at" timestamp NOT NULL)[0m
  [1m[35mSQL (0.4ms)[0m  [1m[32mINSERT INTO "schema_migrations" ("version") VALUES ($1) RETURNING "version"[0m  [["version", "20171023184810"]]
  [1m[35m (1.3ms)[0m  [1m[35mCOMMIT[0m
Migrating to CreateAchievements (20171023184853)
  [1m[35m (0.3ms)[0m  [1m[35mBEGIN[0m
  [1m[35m (7.5ms)[0m  [1m[35mCREATE TABLE "achievements" ("id" bigserial primary key, "name" character varying, "description" character varying, "img_reference" character varying, "created_at" timestamp NOT NULL, "updated_at" timestamp NOT NULL)[0m
  [1m[35mSQL (0.4ms)[0m  [1m[32mINSERT INTO "schema_migrations" ("version") VALUES ($1) RETURNING "version"[0m  [["version", "20171023184853"]]
  [1m[35m (0.5ms)[0m  [1m[35mCOMMIT[0m
Migrating to UserActivities (20171023185007)
  [1m[35m (0.5ms)[0m  [1m[35mBEGIN[0m
  [1m[35m (29.1ms)[0m  [1m[35mCREATE TABLE "user_activities" ("id" bigserial primary key, "user_id" integer, "activity_id" integer, "created_at" timestamp NOT NULL, "updated_at" timestamp NOT NULL)[0m
  [1m[35mSQL (0.3ms)[0m  [1m[32mINSERT INTO "schema_migrations" ("version") VALUES ($1) RETURNING "version"[0m  [["version", "20171023185007"]]
  [1m[35m (0.5ms)[0m  [1m[35mCOMMIT[0m
Migrating to ActivityAchievements (20171023185044)
  [1m[35m (0.2ms)[0m  [1m[35mBEGIN[0m
  [1m[35m (25.4ms)[0m  [1m[35mCREATE TABLE "activity_achievements" ("id" bigserial primary key, "activity_id" integer, "achievement_id" integer, "created_at" timestamp NOT NULL, "updated_at" timestamp NOT NULL)[0m
  [1m[35mSQL (0.4ms)[0m  [1m[32mINSERT INTO "schema_migrations" ("version") VALUES ($1) RETURNING "version"[0m  [["version", "20171023185044"]]
  [1m[35m (0.9ms)[0m  [1m[35mCOMMIT[0m
  [1m[36mActiveRecord::InternalMetadata Load (0.6ms)[0m  [1m[34mSELECT  "ar_internal_metadata".* FROM "ar_internal_metadata" WHERE "ar_internal_metadata"."key" = $1 LIMIT $2[0m  [["key", "environment"], ["LIMIT", 1]]
  [1m[35m (0.2ms)[0m  [1m[35mBEGIN[0m
  [1m[35mSQL (28.2ms)[0m  [1m[32mINSERT INTO "ar_internal_metadata" ("key", "value", "created_at", "updated_at") VALUES ($1, $2, $3, $4) RETURNING "key"[0m  [["key", "environment"], ["value", "development"], ["created_at", "2017-10-23 20:54:47.600472"], ["updated_at", "2017-10-23 20:54:47.600472"]]
  [1m[35m (0.7ms)[0m  [1m[35mCOMMIT[0m
  [1m[35m (0.4ms)[0m  [1m[34mSELECT pg_advisory_unlock(6307859188970604930)[0m
  [1m[35m (40.9ms)[0m  [1m[34mSELECT "schema_migrations"."version" FROM "schema_migrations" ORDER BY "schema_migrations"."version" ASC[0m
Started GET "/" for 127.0.0.1 at 2017-10-23 16:54:50 -0400
  [1m[35m (1.2ms)[0m  [1m[34mSELECT "schema_migrations"."version" FROM "schema_migrations" ORDER BY "schema_migrations"."version" ASC[0m
Processing by Rails::WelcomeController#index as HTML
  Rendering /Users/bernardodorado/.rvm/gems/ruby-2.3.5/gems/railties-5.1.4/lib/rails/templates/rails/welcome/index.html.erb
  Rendered /Users/bernardodorado/.rvm/gems/ruby-2.3.5/gems/railties-5.1.4/lib/rails/templates/rails/welcome/index.html.erb (3.4ms)
Completed 200 OK in 19ms (Views: 6.4ms | ActiveRecord: 0.0ms)


  [1m[35m (0.2ms)[0m  [1m[35mBEGIN[0m
  [1m[35mSQL (1.0ms)[0m  [1m[32mINSERT INTO "users" ("name", "quote", "created_at", "updated_at") VALUES ($1, $2, $3, $4) RETURNING "id"[0m  [["name", "diego"], ["quote", "hwas"], ["created_at", "2017-10-23 20:55:46.761040"], ["updated_at", "2017-10-23 20:55:46.761040"]]
  [1m[35m (0.6ms)[0m  [1m[35mCOMMIT[0m
  [1m[35m (0.2ms)[0m  [1m[35mBEGIN[0m
  [1m[35mSQL (0.8ms)[0m  [1m[32mINSERT INTO "activities" ("name", "description", "category", "points", "created_at", "updated_at") VALUES ($1, $2, $3, $4, $5, $6) RETURNING "id"[0m  [["name", "5k"], ["description", "running"], ["category", "Run"], ["points", 5], ["created_at", "2017-10-23 20:57:18.490707"], ["updated_at", "2017-10-23 20:57:18.490707"]]
  [1m[35m (0.6ms)[0m  [1m[35mCOMMIT[0m
  [1m[35m (0.2ms)[0m  [1m[35mBEGIN[0m
  [1m[35mSQL (0.8ms)[0m  [1m[32mINSERT INTO "achievements" ("name", "description", "created_at", "updated_at") VALUES ($1, $2, $3, $4) RETURNING "id"[0m  [["name", "done"], ["description", "complete"], ["created_at", "2017-10-23 20:57:52.127480"], ["updated_at", "2017-10-23 20:57:52.127480"]]
  [1m[35m (0.4ms)[0m  [1m[35mCOMMIT[0m
  [1m[35m (0.2ms)[0m  [1m[35mBEGIN[0m
  [1m[35mSQL (0.8ms)[0m  [1m[32mINSERT INTO "user_activities" ("user_id", "activity_id", "created_at", "updated_at") VALUES ($1, $2, $3, $4) RETURNING "id"[0m  [["user_id", 1], ["activity_id", 1], ["created_at", "2017-10-23 20:58:06.740036"], ["updated_at", "2017-10-23 20:58:06.740036"]]
  [1m[35m (50.9ms)[0m  [1m[35mCOMMIT[0m
  [1m[36mActivity Load (0.9ms)[0m  [1m[34mSELECT  "activities".* FROM "activities" INNER JOIN "user_activities" ON "activities"."id" = "user_activities"."activity_id" WHERE "user_activities"."user_id" = $1 LIMIT $2[0m  [["user_id", 1], ["LIMIT", 11]]
  [1m[35m (0.2ms)[0m  [1m[35mBEGIN[0m
  [1m[35mSQL (0.9ms)[0m  [1m[32mINSERT INTO "activity_achievements" ("activity_id", "achievement_id", "created_at", "updated_at") VALUES ($1, $2, $3, $4) RETURNING "id"[0m  [["activity_id", 1], ["achievement_id", 1], ["created_at", "2017-10-23 20:59:42.868957"], ["updated_at", "2017-10-23 20:59:42.868957"]]
  [1m[35m (1.4ms)[0m  [1m[35mCOMMIT[0m
  [1m[36mActivity Load (0.5ms)[0m  [1m[34mSELECT  "activities".* FROM "activities" INNER JOIN "activity_achievements" ON "activities"."id" = "activity_achievements"."activity_id" WHERE "activity_achievements"."achievement_id" = $1 LIMIT $2[0m  [["achievement_id", 1], ["LIMIT", 11]]
  [1m[36mAchievement Load (1.2ms)[0m  [1m[34mSELECT  "achievements".* FROM "achievements" INNER JOIN "activity_achievements" ON "achievements"."id" = "activity_achievements"."achievement_id" INNER JOIN "activities" ON "activity_achievements"."activity_id" = "activities"."id" INNER JOIN "user_activities" ON "activities"."id" = "user_activities"."activity_id" WHERE "user_activities"."user_id" = $1 LIMIT $2[0m  [["user_id", 1], ["LIMIT", 11]]
Started GET "/users/show" for 127.0.0.1 at 2017-10-23 17:00:15 -0400
Processing by UsersController#show as HTML
  Parameters: {"id"=>"show"}
  Rendering users/show.html.erb within layouts/application
  Rendered users/show.html.erb within layouts/application (3.6ms)
Completed 500 Internal Server Error in 10ms (ActiveRecord: 0.0ms)


  
ActionView::Template::Error (undefined method `name' for nil:NilClass):
    1: <h2> Hello <%= @user.name %>, welcome to your tracker page! <h1>
    2: 
    3: <% @public_achievements.each do |achievement| %>
    4: <p><ul><%= achievement.name %></p><br>
  
app/views/users/show.html.erb:1:in `_app_views_users_show_html_erb__485290465867222590_70160618769300'
Started GET "/users/show" for 127.0.0.1 at 2017-10-23 17:02:41 -0400
Processing by UsersController#show as HTML
  Parameters: {"id"=>"show"}
  [1m[36mUser Load (0.7ms)[0m  [1m[34mSELECT  "users".* FROM "users" WHERE "users"."id" = $1 LIMIT $2[0m  [["id", 0], ["LIMIT", 1]]
  Rendering users/show.html.erb within layouts/application
  Rendered users/show.html.erb within layouts/application (4.2ms)
Completed 500 Internal Server Error in 57ms (ActiveRecord: 4.5ms)


  
ActionView::Template::Error (undefined method `name' for nil:NilClass):
    1: <h2> Hello <%= @user.name %>, welcome to your tracker page! <h1>
    2: 
    3: <% @public_achievements.each do |achievement| %>
    4: <p><ul><%= achievement.name %></p><br>
  
app/views/users/show.html.erb:1:in `_app_views_users_show_html_erb__485290465867222590_70160592059660'
Started GET "/users/show" for 127.0.0.1 at 2017-10-23 17:02:49 -0400
Processing by UsersController#show as HTML
  Parameters: {"id"=>"show"}
  [1m[36mUser Load (1.0ms)[0m  [1m[34mSELECT  "users".* FROM "users" WHERE "users"."id" = $1 LIMIT $2[0m  [["id", 0], ["LIMIT", 1]]
  Rendering users/show.html.erb within layouts/application
  Rendered users/show.html.erb within layouts/application (3.8ms)
Completed 500 Internal Server Error in 12ms (ActiveRecord: 1.0ms)


  
ActionView::Template::Error (undefined method `name' for nil:NilClass):
    1: <h2> Hello <%= @user.name %>, welcome to your tracker page! <h1>
    2: 
    3: <% @public_achievements.each do |achievement| %>
    4: <p><ul><%= achievement.name %></p><br>
  
app/views/users/show.html.erb:1:in `_app_views_users_show_html_erb__485290465867222590_70160591893020'
Started GET "/user/1" for 127.0.0.1 at 2017-10-23 17:03:26 -0400
  
ActionController::RoutingError (No route matches [GET] "/user/1"):
  
actionpack (5.1.4) lib/action_dispatch/middleware/debug_exceptions.rb:63:in `call'
web-console (3.5.1) lib/web_console/middleware.rb:135:in `call_app'
web-console (3.5.1) lib/web_console/middleware.rb:28:in `block in call'
web-console (3.5.1) lib/web_console/middleware.rb:18:in `catch'
web-console (3.5.1) lib/web_console/middleware.rb:18:in `call'
actionpack (5.1.4) lib/action_dispatch/middleware/show_exceptions.rb:31:in `call'
railties (5.1.4) lib/rails/rack/logger.rb:36:in `call_app'
railties (5.1.4) lib/rails/rack/logger.rb:24:in `block in call'
activesupport (5.1.4) lib/active_support/tagged_logging.rb:69:in `block in tagged'
activesupport (5.1.4) lib/active_support/tagged_logging.rb:26:in `tagged'
activesupport (5.1.4) lib/active_support/tagged_logging.rb:69:in `tagged'
railties (5.1.4) lib/rails/rack/logger.rb:24:in `call'
sprockets-rails (3.2.1) lib/sprockets/rails/quiet_assets.rb:13:in `call'
actionpack (5.1.4) lib/action_dispatch/middleware/remote_ip.rb:79:in `call'
actionpack (5.1.4) lib/action_dispatch/middleware/request_id.rb:25:in `call'
rack (2.0.3) lib/rack/method_override.rb:22:in `call'
rack (2.0.3) lib/rack/runtime.rb:22:in `call'
activesupport (5.1.4) lib/active_support/cache/strategy/local_cache_middleware.rb:27:in `call'
actionpack (5.1.4) lib/action_dispatch/middleware/executor.rb:12:in `call'
actionpack (5.1.4) lib/action_dispatch/middleware/static.rb:125:in `call'
rack (2.0.3) lib/rack/sendfile.rb:111:in `call'
railties (5.1.4) lib/rails/engine.rb:522:in `call'
puma (3.10.0) lib/puma/configuration.rb:225:in `call'
puma (3.10.0) lib/puma/server.rb:605:in `handle_request'
puma (3.10.0) lib/puma/server.rb:437:in `process_client'
puma (3.10.0) lib/puma/server.rb:301:in `block in run'
puma (3.10.0) lib/puma/thread_pool.rb:120:in `block in spawn_thread'
Started GET "/users/1" for 127.0.0.1 at 2017-10-23 17:03:32 -0400
Processing by UsersController#show as HTML
  Parameters: {"id"=>"1"}
  [1m[36mUser Load (0.4ms)[0m  [1m[34mSELECT  "users".* FROM "users" WHERE "users"."id" = $1 LIMIT $2[0m  [["id", 1], ["LIMIT", 1]]
  Rendering users/show.html.erb within layouts/application
  Rendered users/show.html.erb within layouts/application (2.7ms)
Completed 500 Internal Server Error in 22ms (ActiveRecord: 4.5ms)


  
ActionView::Template::Error (undefined method `each' for nil:NilClass):
    1: <h2> Hello <%= @user.name %>, welcome to your tracker page! <h1>
    2: 
    3: <% @public_achievements.each do |achievement| %>
    4: <p><ul><%= achievement.name %></p><br>
    5: <li><%= achievement.description %></li>
    6: </ul>
  
app/views/users/show.html.erb:3:in `_app_views_users_show_html_erb__485290465867222590_70160597607700'
Started GET "/users/1" for 127.0.0.1 at 2017-10-23 17:04:39 -0400
Processing by UsersController#show as HTML
  Parameters: {"id"=>"1"}
  [1m[36mUser Load (0.6ms)[0m  [1m[34mSELECT  "users".* FROM "users" WHERE "users"."id" = $1 LIMIT $2[0m  [["id", 1], ["LIMIT", 1]]
  Rendering users/show.html.erb within layouts/application
  [1m[36mAchievement Load (0.9ms)[0m  [1m[34mSELECT "achievements".* FROM "achievements"[0m
  Rendered users/show.html.erb within layouts/application (13.7ms)
Completed 200 OK in 2441ms (Views: 2416.4ms | ActiveRecord: 5.9ms)


Started GET "/users/1" for 127.0.0.1 at 2017-10-23 17:14:03 -0400
Processing by UsersController#show as HTML
  Parameters: {"id"=>"1"}
  [1m[36mUser Load (0.7ms)[0m  [1m[34mSELECT  "users".* FROM "users" WHERE "users"."id" = $1 LIMIT $2[0m  [["id", 1], ["LIMIT", 1]]
  Rendering users/show.html.erb within layouts/application
  [1m[36mAchievement Load (0.7ms)[0m  [1m[34mSELECT "achievements".* FROM "achievements"[0m
  Rendered users/show.html.erb within layouts/application (2.5ms)
Completed 200 OK in 46ms (Views: 40.4ms | ActiveRecord: 1.4ms)


  [1m[35m (0.2ms)[0m  [1m[35mBEGIN[0m
  [1m[35mSQL (0.6ms)[0m  [1m[32mINSERT INTO "achievements" ("name", "description", "created_at", "updated_at") VALUES ($1, $2, $3, $4) RETURNING "id"[0m  [["name", "deli"], ["description", "fyjn"], ["created_at", "2017-10-23 21:15:04.960707"], ["updated_at", "2017-10-23 21:15:04.960707"]]
  [1m[35m (1.3ms)[0m  [1m[35mCOMMIT[0m
  [1m[35m (0.2ms)[0m  [1m[35mBEGIN[0m
  [1m[35m (0.2ms)[0m  [1m[31mROLLBACK[0m
  [1m[36mAchievement Load (1.0ms)[0m  [1m[34mSELECT  "achievements".* FROM "achievements" INNER JOIN "activity_achievements" ON "achievements"."id" = "activity_achievements"."achievement_id" INNER JOIN "activities" ON "activity_achievements"."activity_id" = "activities"."id" INNER JOIN "user_activities" ON "activities"."id" = "user_activities"."activity_id" WHERE "user_activities"."user_id" = $1 LIMIT $2[0m  [["user_id", 1], ["LIMIT", 11]]
  [1m[36mAchievement Load (1.0ms)[0m  [1m[34mSELECT  "achievements".* FROM "achievements" INNER JOIN "activity_achievements" ON "achievements"."id" = "activity_achievements"."achievement_id" INNER JOIN "activities" ON "activity_achievements"."activity_id" = "activities"."id" INNER JOIN "user_activities" ON "activities"."id" = "user_activities"."activity_id" WHERE "user_activities"."user_id" = $1 LIMIT $2[0m  [["user_id", 1], ["LIMIT", 11]]
  [1m[35m (0.2ms)[0m  [1m[35mBEGIN[0m
  [1m[35mSQL (0.5ms)[0m  [1m[32mINSERT INTO "achievements" ("name", "description", "created_at", "updated_at") VALUES ($1, $2, $3, $4) RETURNING "id"[0m  [["name", "new"], ["description", "old"], ["created_at", "2017-10-23 21:25:16.772681"], ["updated_at", "2017-10-23 21:25:16.772681"]]
  [1m[35m (0.5ms)[0m  [1m[35mCOMMIT[0m
  [1m[35m (0.2ms)[0m  [1m[35mBEGIN[0m
  [1m[35m (0.2ms)[0m  [1m[31mROLLBACK[0m
  [1m[35m (0.2ms)[0m  [1m[35mBEGIN[0m
  [1m[35mSQL (0.5ms)[0m  [1m[32mINSERT INTO "users" ("name", "quote", "created_at", "updated_at") VALUES ($1, $2, $3, $4) RETURNING "id"[0m  [["name", "ken"], ["quote", "doritos"], ["created_at", "2017-10-23 21:26:03.432348"], ["updated_at", "2017-10-23 21:26:03.432348"]]
  [1m[35m (1.2ms)[0m  [1m[35mCOMMIT[0m
  [1m[36mAchievement Load (1.0ms)[0m  [1m[34mSELECT  "achievements".* FROM "achievements" INNER JOIN "activity_achievements" ON "achievements"."id" = "activity_achievements"."achievement_id" INNER JOIN "activities" ON "activity_achievements"."activity_id" = "activities"."id" INNER JOIN "user_activities" ON "activities"."id" = "user_activities"."activity_id" WHERE "user_activities"."user_id" = $1 LIMIT $2[0m  [["user_id", 2], ["LIMIT", 11]]
  [1m[35m (0.2ms)[0m  [1m[35mBEGIN[0m
  [1m[35m (0.2ms)[0m  [1m[31mROLLBACK[0m
  [1m[36mAchievement Load (1.5ms)[0m  [1m[34mSELECT  "achievements".* FROM "achievements" INNER JOIN "activity_achievements" ON "achievements"."id" = "activity_achievements"."achievement_id" INNER JOIN "activities" ON "activity_achievements"."activity_id" = "activities"."id" INNER JOIN "user_activities" ON "activities"."id" = "user_activities"."activity_id" WHERE "user_activities"."user_id" = $1 LIMIT $2[0m  [["user_id", 1], ["LIMIT", 11]]
  [1m[35m (0.3ms)[0m  [1m[35mBEGIN[0m
  [1m[35mSQL (0.5ms)[0m  [1m[32mINSERT INTO "activities" ("name", "description", "category", "points", "created_at", "updated_at") VALUES ($1, $2, $3, $4, $5, $6) RETURNING "id"[0m  [["name", "buffet"], ["description", "stuffed"], ["category", "eating"], ["points", 23], ["created_at", "2017-10-23 21:28:42.316886"], ["updated_at", "2017-10-23 21:28:42.316886"]]
  [1m[35m (1.1ms)[0m  [1m[35mCOMMIT[0m
  [1m[36mActivity Load (0.7ms)[0m  [1m[34mSELECT  "activities".* FROM "activities" INNER JOIN "activity_achievements" ON "activities"."id" = "activity_achievements"."activity_id" WHERE "activity_achievements"."achievement_id" = $1 LIMIT $2[0m  [["achievement_id", 2], ["LIMIT", 11]]
  [1m[36mActivity Load (0.7ms)[0m  [1m[34mSELECT  "activities".* FROM "activities" INNER JOIN "activity_achievements" ON "activities"."id" = "activity_achievements"."activity_id" WHERE "activity_achievements"."achievement_id" = $1 LIMIT $2[0m  [["achievement_id", 1], ["LIMIT", 11]]
  [1m[35m (0.2ms)[0m  [1m[35mBEGIN[0m
  [1m[35mSQL (0.5ms)[0m  [1m[32mINSERT INTO "activity_achievements" ("activity_id", "achievement_id", "created_at", "updated_at") VALUES ($1, $2, $3, $4) RETURNING "id"[0m  [["activity_id", 2], ["achievement_id", 2], ["created_at", "2017-10-23 21:29:39.918175"], ["updated_at", "2017-10-23 21:29:39.918175"]]
  [1m[35m (1.1ms)[0m  [1m[35mCOMMIT[0m
  [1m[36mActivity Load (0.5ms)[0m  [1m[34mSELECT  "activities".* FROM "activities" INNER JOIN "activity_achievements" ON "activities"."id" = "activity_achievements"."activity_id" WHERE "activity_achievements"."achievement_id" = $1 LIMIT $2[0m  [["achievement_id", 2], ["LIMIT", 11]]
  [1m[36mAchievement Load (1.1ms)[0m  [1m[34mSELECT  "achievements".* FROM "achievements" INNER JOIN "activity_achievements" ON "achievements"."id" = "activity_achievements"."achievement_id" INNER JOIN "activities" ON "activity_achievements"."activity_id" = "activities"."id" INNER JOIN "user_activities" ON "activities"."id" = "user_activities"."activity_id" WHERE "user_activities"."user_id" = $1 LIMIT $2[0m  [["user_id", 2], ["LIMIT", 11]]
  [1m[36mActivity Load (0.6ms)[0m  [1m[34mSELECT  "activities".* FROM "activities" INNER JOIN "user_activities" ON "activities"."id" = "user_activities"."activity_id" WHERE "user_activities"."user_id" = $1 LIMIT $2[0m  [["user_id", 2], ["LIMIT", 11]]
  [1m[35m (0.2ms)[0m  [1m[35mBEGIN[0m
  [1m[35mSQL (0.5ms)[0m  [1m[32mINSERT INTO "user_activities" ("user_id", "activity_id", "created_at", "updated_at") VALUES ($1, $2, $3, $4) RETURNING "id"[0m  [["user_id", 2], ["activity_id", 2], ["created_at", "2017-10-23 21:31:25.644916"], ["updated_at", "2017-10-23 21:31:25.644916"]]
  [1m[35m (1.1ms)[0m  [1m[35mCOMMIT[0m
  [1m[36mActivity Load (0.5ms)[0m  [1m[34mSELECT  "activities".* FROM "activities" INNER JOIN "user_activities" ON "activities"."id" = "user_activities"."activity_id" WHERE "user_activities"."user_id" = $1 LIMIT $2[0m  [["user_id", 2], ["LIMIT", 11]]
  [1m[36mAchievement Load (0.5ms)[0m  [1m[34mSELECT  "achievements".* FROM "achievements" INNER JOIN "activity_achievements" ON "achievements"."id" = "activity_achievements"."achievement_id" INNER JOIN "activities" ON "activity_achievements"."activity_id" = "activities"."id" INNER JOIN "user_activities" ON "activities"."id" = "user_activities"."activity_id" WHERE "user_activities"."user_id" = $1 LIMIT $2[0m  [["user_id", 2], ["LIMIT", 11]]
Started GET "/users/2" for 127.0.0.1 at 2017-10-23 17:31:42 -0400
Processing by UsersController#show as HTML
  Parameters: {"id"=>"2"}
  [1m[36mUser Load (0.4ms)[0m  [1m[34mSELECT  "users".* FROM "users" WHERE "users"."id" = $1 LIMIT $2[0m  [["id", 2], ["LIMIT", 1]]
  Rendering users/show.html.erb within layouts/application
  [1m[36mAchievement Load (0.5ms)[0m  [1m[34mSELECT "achievements".* FROM "achievements"[0m
  Rendered users/show.html.erb within layouts/application (2.0ms)
Completed 200 OK in 44ms (Views: 39.0ms | ActiveRecord: 0.9ms)


